TN:
SF:/Users/adrutz/Git/dioxus/apps/json-count-rs/src/main.rs
FNF:0
DA:464,0
DA:465,0
DA:468,0
DA:469,0
DA:471,0
DA:472,0
DA:473,0
DA:474,0
DA:476,0
DA:477,0
DA:478,0
DA:479,0
DA:480,0
DA:481,0
DA:483,0
DA:485,0
DA:486,0
DA:489,0
DA:494,0
DA:495,0
DA:497,0
DA:499,0
DA:502,0
DA:503,0
DA:507,0
DA:516,0
DA:517,0
DA:520,0
DA:521,0
DA:523,0
DA:524,0
DA:525,0
DA:526,0
DA:528,0
DA:529,0
DA:530,0
DA:531,0
DA:532,0
DA:533,0
DA:535,0
DA:537,0
DA:538,0
DA:541,0
DA:546,0
DA:547,0
DA:549,0
DA:551,0
DA:553,0
DA:556,0
DA:557,0
DA:561,0
DA:569,0
DA:570,0
DA:571,0
DA:574,0
DA:576,0
DA:578,0
DA:579,0
DA:582,0
DA:583,0
DA:584,0
DA:585,0
DA:586,0
DA:587,0
DA:588,0
DA:589,0
DA:593,0
DA:595,0
DA:596,0
DA:598,0
DA:599,0
DA:600,0
DA:601,0
DA:602,0
DA:603,0
DA:604,0
DA:606,0
DA:607,0
DA:610,0
DA:611,0
DA:612,0
DA:613,0
DA:615,0
DA:617,0
DA:618,0
DA:622,0
DA:624,0
DA:625,0
DA:626,0
DA:629,0
DA:630,0
DA:633,0
DA:634,0
DA:635,0
DA:636,0
DA:637,0
DA:638,0
DA:642,0
DA:645,0
DA:646,0
DA:647,0
DA:652,0
DA:653,0
DA:655,0
DA:656,0
DA:657,0
DA:664,0
DA:665,0
DA:668,0
DA:669,0
DA:670,0
DA:671,0
DA:672,0
DA:674,0
DA:676,0
DA:677,0
DA:689,0
DA:690,0
DA:692,0
DA:693,0
DA:694,0
DA:696,0
DA:697,0
DA:700,0
DA:702,0
DA:703,0
DA:704,0
DA:705,0
DA:708,0
DA:709,0
DA:711,0
DA:712,0
DA:713,0
DA:716,0
DA:717,0
DA:718,0
DA:720,0
DA:721,0
DA:723,0
DA:726,0
DA:727,0
DA:729,0
DA:733,0
LF:143
LH:0
end_of_record
TN:
SF:/Users/adrutz/Git/dioxus/apps/lipid-selecto-rs/src/chemical_class.rs
FN:24,ChemicalClass::new
FNF:1
FNDA:0,ChemicalClass::new
DA:24,0
DA:25,0
DA:26,0
DA:27,0
LF:4
LH:0
end_of_record
TN:
SF:/Users/adrutz/Git/dioxus/apps/lipid-selecto-rs/src/format.rs
FN:22,LipidFormat::from_path
FNF:1
FNDA:0,LipidFormat::from_path
DA:22,0
DA:23,0
DA:24,0
DA:25,0
DA:26,0
DA:27,0
DA:28,0
LF:7
LH:0
end_of_record
TN:
SF:/Users/adrutz/Git/dioxus/apps/lipid-selecto-rs/src/parser.rs
FNF:0
DA:189,0
DA:190,0
DA:191,0
DA:193,0
DA:194,0
DA:196,0
DA:197,0
DA:198,0
DA:200,0
DA:201,0
DA:202,0
DA:203,0
DA:204,0
DA:205,0
DA:206,0
DA:209,0
DA:210,0
DA:211,0
DA:212,0
DA:213,0
DA:214,0
DA:216,0
DA:217,0
DA:218,0
DA:221,0
DA:222,0
DA:223,0
DA:225,0
DA:226,0
DA:227,0
DA:232,0
DA:233,0
DA:236,0
LF:33
LH:0
end_of_record
TN:
SF:/Users/adrutz/Git/dioxus/apps/lotus-api/src/config.rs
FNF:0
DA:33,0
DA:34,0
DA:35,0
DA:36,0
DA:38,0
DA:39,0
DA:40,0
DA:41,0
DA:42,0
DA:44,0
DA:45,0
DA:46,0
DA:47,0
DA:49,0
DA:50,0
DA:51,0
DA:52,0
DA:54,0
DA:55,0
DA:56,0
DA:59,0
DA:60,0
DA:61,0
DA:62,0
DA:63,0
DA:64,0
DA:65,0
DA:66,0
LF:28
LH:0
end_of_record
TN:
SF:/Users/adrutz/Git/dioxus/apps/lotus-api/src/errors.rs
FN:31,ApiError::bad_request
FN:38,ApiError::upstream
FN:45,ApiError::overloaded
FNF:3
FNDA:0,ApiError::bad_request
FNDA:0,ApiError::upstream
FNDA:0,ApiError::overloaded
DA:31,0
DA:34,0
DA:38,0
DA:41,0
DA:45,0
DA:48,0
LF:6
LH:0
end_of_record
TN:
SF:/Users/adrutz/Git/dioxus/apps/lotus-api/src/state.rs
FNF:0
DA:204,0
DA:206,0
DA:207,0
DA:208,0
DA:209,0
DA:210,0
DA:212,0
DA:381,0
DA:382,0
DA:383,0
DA:384,0
DA:386,0
DA:387,0
DA:391,0
DA:392,0
DA:404,0
DA:405,0
DA:406,0
DA:407,0
DA:409,0
DA:410,0
DA:411,0
DA:412,0
DA:414,0
LF:24
LH:0
end_of_record
TN:
SF:/Users/adrutz/Git/dioxus/apps/lotus-explore-rs/src/api/client.rs
FNF:0
DA:107,0
DA:108,0
DA:109,0
DA:110,0
DA:111,0
DA:113,0
DA:114,0
DA:116,0
DA:117,0
DA:118,0
DA:119,0
DA:122,0
DA:124,0
DA:125,0
LF:14
LH:0
end_of_record
TN:
SF:/Users/adrutz/Git/dioxus/apps/lotus-explore-rs/src/features/curation/queue.rs
FNF:0
DA:26,0
DA:28,0
DA:31,0
DA:32,0
DA:34,0
DA:35,0
DA:36,0
DA:37,0
DA:38,0
DA:40,0
LF:10
LH:0
end_of_record
TN:
SF:/Users/adrutz/Git/dioxus/apps/lotus-explore-rs/src/features/curation/services/pipeline.rs
FN:24,curate_rows
FNF:1
FNDA:0,curate_rows
DA:24,0
DA:25,0
DA:26,0
DA:27,0
DA:28,0
DA:32,0
DA:33,0
DA:34,0
DA:35,0
DA:37,0
DA:39,0
DA:40,0
DA:42,0
DA:44,0
DA:46,0
DA:47,0
LF:16
LH:0
end_of_record
TN:
SF:/Users/adrutz/Git/dioxus/apps/lotus-explore-rs/src/features/curation/services/wikidata.rs
FNF:0
DA:207,0
DA:208,0
DA:210,0
DA:211,0
DA:212,0
DA:215,0
DA:216,0
DA:220,0
DA:221,0
DA:224,0
DA:225,0
DA:227,0
DA:228,0
DA:229,0
DA:230,0
DA:232,0
DA:234,0
DA:235,0
DA:236,0
DA:237,0
DA:238,0
DA:240,0
DA:243,0
DA:275,0
DA:276,0
DA:278,0
DA:279,0
DA:280,0
DA:281,0
DA:283,0
DA:284,0
DA:288,0
DA:289,0
DA:292,0
DA:293,0
DA:295,0
DA:296,0
DA:297,0
DA:298,0
DA:300,0
DA:302,0
DA:303,0
DA:304,0
DA:305,0
DA:306,0
DA:309,0
DA:312,0
LF:47
LH:0
end_of_record
TN:
SF:/Users/adrutz/Git/dioxus/apps/lotus-explore-rs/src/features/explore/download_dispatch.rs
FN:32,use_startup_effect
FNF:1
FNDA:0,use_startup_effect
DA:32,0
DA:33,0
DA:34,0
DA:35,0
DA:36,0
DA:38,0
DA:39,0
DA:40,0
DA:43,0
DA:44,0
DA:45,0
DA:46,0
DA:47,0
DA:48,0
DA:49,0
DA:51,0
DA:54,0
DA:55,0
DA:56,0
DA:59,0
DA:62,0
DA:63,0
DA:65,0
DA:66,0
DA:69,0
DA:70,0
DA:71,0
DA:72,0
DA:73,0
DA:75,0
DA:77,0
DA:78,0
DA:80,0
DA:82,0
DA:83,0
DA:87,0
DA:89,0
DA:90,0
DA:91,0
LF:39
LH:0
end_of_record
TN:
SF:/Users/adrutz/Git/dioxus/apps/lotus-explore-rs/src/features/explore/executor.rs
FN:35,SearchExecutor<R,P>::new
FN:39,SearchExecutor<R,P>::execute
FN:97,do_search
FNF:3
FNDA:0,SearchExecutor<R,P>::new
FNDA:0,SearchExecutor<R,P>::execute
FNDA:0,do_search
DA:35,0
DA:39,0
DA:40,0
DA:41,0
DA:42,0
DA:44,0
DA:45,0
DA:48,0
DA:49,0
DA:50,0
DA:52,0
DA:53,0
DA:54,0
DA:57,0
DA:61,0
DA:62,0
DA:63,0
DA:64,0
DA:65,0
DA:66,0
DA:68,0
DA:70,0
DA:71,0
DA:72,0
DA:73,0
DA:74,0
DA:77,0
DA:79,0
DA:81,0
DA:82,0
DA:83,0
DA:85,0
DA:86,0
DA:97,0
LF:34
LH:0
end_of_record
TN:
SF:/Users/adrutz/Git/dioxus/apps/lotus-explore-rs/src/features/explore/orchestrator/runtime.rs
FN:27,start_search
FNF:1
FNDA:0,start_search
DA:27,0
DA:28,0
DA:29,0
DA:30,0
DA:31,0
DA:35,0
DA:36,0
DA:37,0
DA:39,0
DA:62,0
DA:64,0
DA:65,0
DA:66,0
DA:67,0
DA:69,0
DA:70,0
DA:71,0
DA:73,0
LF:18
LH:0
end_of_record
TN:
SF:/Users/adrutz/Git/dioxus/apps/lotus-explore-rs/src/features/explore/selectors.rs
FN:42,<impl PartialEq for ArcPtrEq<T>>::eq
FN:55,use_lifecycle_selector
FN:66,use_result_selector
FN:75,use_result_arc_selector
FN:86,use_ui_selector
FN:97,use_criteria_selector
FNF:6
FNDA:0,<impl PartialEq for ArcPtrEq<T>>::eq
FNDA:0,use_lifecycle_selector
FNDA:0,use_result_selector
FNDA:0,use_result_arc_selector
FNDA:0,use_ui_selector
FNDA:0,use_criteria_selector
DA:42,0
DA:43,0
DA:55,0
DA:66,0
DA:75,0
DA:86,0
DA:97,0
LF:7
LH:0
end_of_record
TN:
SF:/Users/adrutz/Git/dioxus/apps/lotus-explore-rs/src/features/explore/service/api_pipeline.rs
FN:20,try_execute
FNF:1
FNDA:0,try_execute
DA:20,0
DA:21,0
DA:22,0
DA:23,0
DA:24,0
DA:25,0
DA:27,0
DA:28,0
DA:29,0
DA:32,0
DA:33,0
DA:34,0
DA:36,0
DA:37,0
DA:38,0
DA:39,0
DA:41,0
DA:42,0
DA:43,0
DA:44,0
DA:45,0
DA:46,0
DA:47,0
DA:48,0
LF:24
LH:0
end_of_record
TN:
SF:/Users/adrutz/Git/dioxus/apps/lotus-explore-rs/src/features/explore/service/fetch_results/mod.rs
FN:36,FetchHooks<OnFetching,OnProcessing>::new
FN:60,fetch
FNF:2
FNDA:0,FetchHooks<OnFetching,OnProcessing>::new
FNDA:0,fetch
DA:36,0
DA:60,0
DA:61,0
DA:62,0
DA:63,0
DA:64,0
DA:65,0
DA:66,0
DA:69,0
DA:72,0
DA:74,0
DA:75,0
DA:76,0
DA:80,0
DA:81,0
DA:83,0
DA:88,0
LF:17
LH:0
end_of_record
TN:
SF:/Users/adrutz/Git/dioxus/apps/lotus-explore-rs/src/features/explore/service/fetch_results/native.rs
FN:35,fetch_results
FN:61,fetch_results_csv
FNF:2
FNDA:0,fetch_results
FNDA:0,fetch_results_csv
DA:35,0
DA:36,0
DA:37,0
DA:39,0
DA:40,0
DA:42,0
DA:43,0
DA:44,0
DA:45,0
DA:46,0
DA:49,0
DA:50,0
DA:51,0
DA:52,0
DA:53,0
DA:61,0
DA:63,0
DA:64,0
DA:65,0
DA:67,0
DA:68,0
DA:69,0
DA:70,0
DA:106,0
DA:107,0
DA:108,0
LF:26
LH:0
end_of_record
TN:
SF:/Users/adrutz/Git/dioxus/apps/lotus-explore-rs/src/features/explore/service/fetch_results/wasm.rs
FN:19,fetch_results
FNF:1
FNDA:0,fetch_results
DA:19,0
DA:20,0
DA:22,0
DA:23,0
DA:24,0
DA:25,0
DA:26,0
DA:27,0
DA:28,0
DA:30,0
DA:31,0
DA:32,0
DA:33,0
DA:36,0
DA:37,0
DA:38,0
DA:39,0
DA:41,0
DA:43,0
DA:44,0
DA:45,0
DA:46,0
DA:47,0
DA:49,0
DA:50,0
DA:51,0
DA:52,0
DA:53,0
DA:55,0
DA:56,0
DA:58,0
DA:59,0
DA:60,0
DA:61,0
DA:62,0
DA:65,0
DA:66,0
DA:67,0
DA:68,0
DA:69,0
DA:95,0
DA:96,0
DA:97,0
LF:43
LH:0
end_of_record
TN:
SF:/Users/adrutz/Git/dioxus/apps/lotus-explore-rs/src/features/explore/service/resolve_taxon/match_selection.rs
FNF:0
DA:25,0
DA:26,0
DA:27,0
DA:28,0
DA:29,0
DA:30,0
DA:32,0
DA:33,0
DA:38,0
DA:39,0
DA:40,0
DA:44,0
DA:45,0
DA:46,0
DA:47,0
DA:48,0
DA:49,0
DA:50,0
DA:51,0
DA:52,0
DA:55,0
DA:58,0
LF:22
LH:0
end_of_record
TN:
SF:/Users/adrutz/Git/dioxus/apps/lotus-explore-rs/src/features/explore/service/resolve_taxon/mod.rs
FNF:0
DA:58,0
DA:59,0
DA:65,0
DA:66,0
DA:67,0
DA:68,0
DA:72,0
DA:73,0
DA:75,0
DA:76,0
DA:77,0
DA:78,0
DA:81,0
DA:85,0
DA:86,0
DA:87,0
DA:88,0
DA:89,0
DA:90,0
DA:95,0
DA:96,0
DA:97,0
DA:98,0
DA:99,0
DA:101,0
DA:102,0
DA:103,0
DA:105,0
DA:106,0
DA:107,0
DA:111,0
DA:112,0
DA:113,0
DA:117,0
DA:118,0
DA:120,0
DA:121,0
DA:122,0
DA:123,0
LF:39
LH:0
end_of_record
TN:
SF:/Users/adrutz/Git/dioxus/apps/lotus-explore-rs/src/features/explore/service/results_pipeline/mod.rs
FN:39,execute
FNF:1
FNDA:0,execute
DA:39,0
DA:40,0
DA:42,0
DA:43,0
DA:46,0
DA:48,0
DA:49,0
DA:50,0
DA:51,0
DA:52,0
DA:53,0
DA:54,0
DA:57,0
DA:59,0
LF:14
LH:0
end_of_record
TN:
SF:/Users/adrutz/Git/dioxus/apps/lotus-explore-rs/src/features/explore/service/results_pipeline/plan.rs
FNF:0
DA:57,0
DA:58,0
DA:59,0
DA:62,0
DA:64,0
DA:65,0
DA:66,0
DA:68,0
DA:70,0
DA:71,0
DA:72,0
LF:11
LH:0
end_of_record
TN:
SF:/Users/adrutz/Git/dioxus/apps/lotus-explore-rs/src/features/explore/url_codec/criteria.rs
FNF:0
DA:208,0
DA:209,0
DA:211,0
DA:212,0
DA:239,0
DA:240,0
DA:242,0
DA:243,0
DA:248,0
DA:249,0
LF:10
LH:0
end_of_record
TN:
SF:/Users/adrutz/Git/dioxus/apps/lotus-explore-rs/src/features/explore/url_codec/encode.rs
FNF:0
DA:19,0
DA:20,0
DA:21,0
DA:22,0
DA:23,0
DA:25,0
DA:26,0
DA:27,0
DA:28,0
DA:29,0
DA:31,0
LF:11
LH:0
end_of_record
TN:
SF:/Users/adrutz/Git/dioxus/apps/lotus-explore-rs/src/repositories/mod.rs
FN:49,NetworkDetail::new
FNF:1
FNDA:0,NetworkDetail::new
DA:49,0
DA:51,0
DA:67,0
DA:69,0
DA:94,0
DA:95,0
DA:98,0
DA:99,0
DA:139,0
DA:140,0
DA:141,0
DA:149,0
DA:150,0
DA:151,0
DA:152,0
DA:153,0
DA:154,0
DA:156,0
DA:157,0
LF:19
LH:0
end_of_record
TN:
SF:/Users/adrutz/Git/dioxus/apps/lotus-explore-rs/src/state.rs
FNF:0
DA:61,0
LF:1
LH:0
end_of_record
TN:
SF:/Users/adrutz/Git/dioxus/apps/mgf-precursor-erro-rs/src/parser.rs
FNF:0
DA:208,0
DA:209,0
DA:210,0
DA:213,0
DA:214,0
DA:217,0
DA:218,0
DA:219,0
DA:287,0
DA:288,0
DA:289,0
DA:292,0
DA:293,0
DA:296,0
DA:297,0
DA:298,0
DA:299,0
DA:300,0
DA:301,0
DA:302,0
DA:303,0
DA:305,0
DA:307,0
DA:309,0
DA:310,0
DA:777,0
DA:778,0
DA:781,0
DA:782,0
DA:783,0
DA:784,0
DA:785,0
DA:786,0
DA:787,0
DA:789,0
DA:790,0
DA:791,0
DA:792,0
DA:795,0
DA:796,0
DA:797,0
DA:798,0
DA:801,0
DA:802,0
DA:805,0
DA:807,0
DA:808,0
DA:810,0
DA:811,0
DA:812,0
DA:813,0
DA:814,0
DA:816,0
DA:818,0
DA:819,0
DA:823,0
DA:824,0
DA:825,0
DA:839,0
DA:840,0
DA:841,0
DA:842,0
DA:843,0
DA:844,0
DA:846,0
DA:849,0
DA:850,0
DA:851,0
DA:852,0
DA:853,0
DA:855,0
DA:856,0
DA:857,0
DA:858,0
DA:860,0
DA:876,0
DA:877,0
DA:880,0
DA:881,0
DA:882,0
DA:884,0
DA:885,0
DA:886,0
DA:887,0
DA:888,0
DA:891,0
DA:892,0
DA:893,0
DA:894,0
DA:895,0
DA:896,0
DA:898,0
DA:900,0
DA:901,0
DA:902,0
DA:904,0
DA:905,0
DA:907,0
DA:910,0
DA:911,0
DA:912,0
DA:913,0
DA:914,0
DA:915,0
DA:917,0
DA:919,0
DA:920,0
DA:921,0
DA:922,0
DA:923,0
DA:924,0
DA:925,0
DA:926,0
DA:927,0
DA:929,0
DA:931,0
DA:932,0
DA:934,0
DA:936,0
DA:939,0
DA:942,0
DA:943,0
DA:944,0
DA:945,0
DA:947,0
DA:948,0
DA:949,0
DA:950,0
DA:951,0
DA:952,0
DA:953,0
DA:954,0
DA:955,0
DA:956,0
DA:957,0
DA:958,0
DA:959,0
DA:962,0
DA:966,0
DA:967,0
DA:968,0
DA:969,0
DA:971,0
DA:972,0
DA:973,0
DA:974,0
DA:975,0
DA:976,0
DA:978,0
DA:980,0
DA:982,0
DA:983,0
DA:984,0
DA:985,0
DA:986,0
DA:987,0
DA:988,0
DA:989,0
DA:990,0
DA:991,0
DA:992,0
DA:993,0
DA:994,0
DA:995,0
DA:996,0
DA:997,0
DA:998,0
DA:999,0
DA:1000,0
DA:1001,0
DA:1002,0
DA:1003,0
DA:1004,0
DA:1005,0
DA:1006,0
DA:1009,0
DA:1010,0
DA:1011,0
DA:1012,0
DA:1014,0
DA:1016,0
DA:1017,0
DA:1018,0
DA:1019,0
DA:1020,0
DA:1021,0
DA:1022,0
DA:1023,0
DA:1025,0
DA:1027,0
DA:1028,0
DA:1029,0
DA:1030,0
DA:1031,0
DA:1032,0
DA:1033,0
DA:1034,0
DA:1036,0
DA:1039,0
LF:199
LH:0
end_of_record
TN:
SF:/Users/adrutz/Git/dioxus/apps/mgf-precursor-erro-rs/src/plotting.rs
FNF:0
DA:101,0
DA:102,0
DA:103,0
DA:105,0
DA:106,0
DA:107,0
DA:109,0
DA:110,0
DA:112,0
DA:113,0
DA:115,0
DA:116,0
DA:117,0
DA:118,0
DA:120,0
DA:123,0
DA:126,0
DA:128,0
DA:131,0
DA:132,0
DA:133,0
DA:134,0
DA:135,0
DA:137,0
DA:138,0
DA:139,0
DA:141,0
DA:144,0
DA:145,0
DA:146,0
DA:147,0
DA:148,0
DA:149,0
DA:151,0
DA:152,0
DA:154,0
DA:157,0
DA:159,0
DA:161,0
DA:162,0
DA:1153,0
DA:1154,0
DA:1155,0
DA:1156,0
DA:1157,0
DA:1159,0
DA:1160,0
DA:1161,0
DA:1162,0
DA:1182,0
DA:1183,0
DA:1184,0
DA:1187,0
DA:1188,0
DA:1189,0
DA:1190,0
DA:1191,0
DA:1192,0
DA:1193,0
DA:1194,0
DA:1195,0
DA:1196,0
DA:1197,0
DA:1199,0
DA:1200,0
LF:65
LH:0
end_of_record
TN:
SF:/Users/adrutz/Git/dioxus/apps/smellfish-rs/src/qlever.rs
FN:22,enrich_sources
FNF:1
FNDA:0,enrich_sources
DA:22,0
DA:26,0
DA:27,0
DA:29,0
DA:32,0
DA:34,0
DA:36,0
DA:37,0
DA:38,0
DA:39,0
DA:40,0
DA:43,0
DA:44,0
DA:45,0
DA:46,0
DA:47,0
DA:55,0
DA:56,0
DA:58,0
DA:66,0
DA:67,0
DA:68,0
DA:69,0
DA:70,0
DA:71,0
DA:72,0
DA:76,0
DA:77,0
DA:78,0
DA:80,0
DA:84,0
DA:85,0
LF:32
LH:0
end_of_record
TN:
SF:/Users/adrutz/Git/dioxus/crates/lotus/src/export.rs
FNF:0
DA:173,0
DA:174,0
LF:2
LH:0
end_of_record
TN:
SF:/Users/adrutz/Git/dioxus/crates/lotus/src/sparql.rs
FNF:0
DA:197,0
DA:199,0
DA:200,0
DA:201,0
DA:203,0
DA:208,0
DA:209,0
DA:271,0
DA:272,0
DA:273,0
DA:274,0
DA:277,0
DA:278,0
DA:279,0
DA:289,0
DA:290,0
DA:291,0
DA:292,0
DA:294,0
DA:295,0
DA:296,0
DA:298,0
DA:499,0
DA:502,0
DA:504,0
DA:506,0
DA:508,0
DA:510,0
DA:511,0
DA:512,0
DA:513,0
DA:514,0
DA:515,0
DA:516,0
DA:517,0
DA:518,0
DA:520,0
DA:521,0
DA:522,0
DA:524,0
DA:525,0
DA:526,0
DA:527,0
DA:529,0
DA:530,0
DA:531,0
DA:533,0
DA:535,0
DA:536,0
DA:538,0
DA:539,0
DA:540,0
DA:541,0
DA:543,0
DA:545,0
DA:546,0
DA:547,0
DA:549,0
DA:553,0
DA:554,0
DA:555,0
DA:557,0
DA:558,0
DA:561,0
DA:562,0
DA:563,0
DA:564,0
DA:566,0
DA:567,0
DA:570,0
DA:571,0
DA:572,0
DA:573,0
DA:574,0
DA:575,0
DA:576,0
DA:582,0
DA:583,0
DA:584,0
DA:588,0
DA:589,0
DA:597,0
DA:598,0
DA:599,0
LF:84
LH:0
end_of_record
TN:
SF:/Users/adrutz/Git/dioxus/crates/lotus/src/transport/csv.rs
FNF:0
DA:62,0
DA:63,0
LF:2
LH:0
end_of_record
TN:
SF:/Users/adrutz/Git/dioxus/crates/upload/src/blob_cursor.rs
FN:52,BlobCursor<F>::new
FN:72,BlobCursor<F>::processed
FN:78,BlobCursor<F>::total_bytes
FN:86,BlobCursor<F>::fill
FN:133,BlobCursor<F>::ensure_any
FN:143,BlobCursor<F>::peek
FN:152,BlobCursor<F>::next_byte
FN:163,BlobCursor<F>::skip_ws
FN:181,BlobCursor<F>::pos
FN:187,BlobCursor<F>::current_byte
FN:192,BlobCursor<F>::advance
FN:198,BlobCursor<F>::total_read
FN:207,BlobCursor<F>::buffer
FN:212,BlobCursor<F>::pos_mut
FN:217,BlobCursor<F>::force_progress_report
FNF:15
FNDA:0,BlobCursor<F>::new
FNDA:0,BlobCursor<F>::processed
FNDA:0,BlobCursor<F>::total_bytes
FNDA:0,BlobCursor<F>::fill
FNDA:0,BlobCursor<F>::ensure_any
FNDA:0,BlobCursor<F>::peek
FNDA:0,BlobCursor<F>::next_byte
FNDA:0,BlobCursor<F>::skip_ws
FNDA:0,BlobCursor<F>::pos
FNDA:0,BlobCursor<F>::current_byte
FNDA:0,BlobCursor<F>::advance
FNDA:0,BlobCursor<F>::total_read
FNDA:0,BlobCursor<F>::buffer
FNDA:0,BlobCursor<F>::pos_mut
FNDA:0,BlobCursor<F>::force_progress_report
DA:52,0
DA:54,0
DA:57,0
DA:61,0
DA:72,0
DA:73,0
DA:78,0
DA:79,0
DA:86,0
DA:87,0
DA:88,0
DA:89,0
DA:90,0
DA:93,0
DA:94,0
DA:97,0
DA:98,0
DA:99,0
DA:100,0
DA:101,0
DA:104,0
DA:105,0
DA:106,0
DA:107,0
DA:108,0
DA:109,0
DA:111,0
DA:112,0
DA:113,0
DA:114,0
DA:116,0
DA:117,0
DA:118,0
DA:121,0
DA:122,0
DA:123,0
DA:126,0
DA:129,0
DA:133,0
DA:134,0
DA:135,0
DA:136,0
DA:139,0
DA:143,0
DA:144,0
DA:145,0
DA:147,0
DA:152,0
DA:153,0
DA:154,0
DA:155,0
DA:156,0
DA:158,0
DA:163,0
DA:165,0
DA:166,0
DA:168,0
DA:170,0
DA:171,0
DA:173,0
DA:174,0
DA:181,0
DA:182,0
DA:187,0
DA:188,0
DA:192,0
DA:193,0
DA:198,0
DA:199,0
DA:207,0
DA:208,0
DA:212,0
DA:213,0
DA:217,0
DA:218,0
LF:75
LH:0
end_of_record
TN:
SF:/Users/adrutz/Git/dioxus/crates/upload/src/blob_lines.rs
FN:41,BlobLines<F>::new
FN:60,BlobLines<F>::total_bytes
FN:65,BlobLines<F>::next_line
FN:87,BlobLines<F>::take_line_from_buffer
FN:107,BlobLines<F>::load_next_chunk
FNF:5
FNDA:0,BlobLines<F>::new
FNDA:0,BlobLines<F>::total_bytes
FNDA:0,BlobLines<F>::next_line
FNDA:0,BlobLines<F>::take_line_from_buffer
FNDA:0,BlobLines<F>::load_next_chunk
DA:41,0
DA:43,0
DA:44,0
DA:46,0
DA:49,0
DA:60,0
DA:61,0
DA:65,0
DA:68,0
DA:69,0
DA:73,0
DA:74,0
DA:75,0
DA:76,0
DA:77,0
DA:78,0
DA:80,0
DA:83,0
DA:87,0
DA:88,0
DA:89,0
DA:90,0
DA:91,0
DA:92,0
DA:93,0
DA:94,0
DA:97,0
DA:98,0
DA:99,0
DA:101,0
DA:103,0
DA:107,0
DA:108,0
DA:109,0
DA:110,0
DA:111,0
DA:112,0
DA:113,0
DA:114,0
DA:115,0
DA:116,0
DA:117,0
DA:118,0
DA:119,0
DA:120,0
DA:121,0
DA:122,0
DA:124,0
DA:126,0
LF:49
LH:0
end_of_record
TN:
SF:/Users/adrutz/Git/dioxus/crates/upload/src/download.rs
FNF:0
DA:188,13
DA:189,52
DA:190,140
DA:191,228
DA:192,1
DA:194,113
DA:195,8
DA:196,327
DA:199,26
DA:211,1
DA:212,1
DA:222,0
DA:228,0
DA:236,0
DA:237,0
DA:247,0
LF:16
LH:11
end_of_record
TN:
SF:/Users/adrutz/Git/dioxus/crates/upload/src/error.rs
FN:43,UploadError::expected
FN:49,UploadError::other
FNF:2
FNDA:1,UploadError::expected
FNDA:2,UploadError::other
DA:43,1
DA:49,2
DA:50,2
LF:3
LH:3
end_of_record
TN:
SF:/Users/adrutz/Git/dioxus/crates/upload/src/event.rs
FN:42,extract_blob_from_file_data
FNF:1
FNDA:0,extract_blob_from_file_data
DA:42,0
DA:69,0
DA:70,0
LF:3
LH:0
end_of_record
TN:
SF:/Users/adrutz/Git/dioxus/crates/upload/src/progress.rs
FN:57,ProgressThrottler<F,T>::new
FN:75,ProgressThrottler<F,T>::maybe_report
FN:94,ProgressThrottler<F,T>::force_next
FNF:3
FNDA:3,ProgressThrottler<F,T>::new
FNDA:11,ProgressThrottler<F,T>::maybe_report
FNDA:1,ProgressThrottler<F,T>::force_next
DA:57,3
DA:58,6
DA:75,11
DA:76,22
DA:77,44
DA:79,11
DA:80,10
DA:82,6
DA:83,3
DA:84,3
DA:85,3
DA:87,8
DA:94,1
DA:95,1
DA:96,1
LF:15
LH:15
end_of_record
